# JRE version: OpenJDK Runtime Environment (11.0.11+9) (build 11.0.11+9-Ubuntu-0ubuntu2.20.04)
# Java VM: OpenJDK 64-Bit Server VM (11.0.11+9-Ubuntu-0ubuntu2.20.04, mixed mode, sharing, tiered, compressed oops, g1 gc, linux-amd64)
Heap:
 garbage-first heap   total 177152K, used 96468K [0x0000000085000000, 0x0000000100000000)
  region size 1024K, 89 young (91136K), 10 survivors (10240K)
 Metaspace       used 49501K, capacity 50846K, committed 51200K, reserved 1093632K
  class space    used 6302K, capacity 6816K, committed 6912K, reserved 1048576K
GC Heap History (16 events):
Event: 0,220 GC heap before
{Heap before GC invocations=0 (full 0):
 garbage-first heap   total 129024K, used 25288K [0x0000000085000000, 0x0000000100000000)
  region size 1024K, 24 young (24576K), 0 survivors (0K)
 Metaspace       used 1843K, capacity 5271K, committed 5376K, reserved 1056768K
  class space    used 169K, capacity 483K, committed 512K, reserved 1048576K
}
Event: 0,226 GC heap after
{Heap after GC invocations=1 (full 0):
 garbage-first heap   total 129024K, used 2240K [0x0000000085000000, 0x0000000100000000)
  region size 1024K, 2 young (2048K), 2 survivors (2048K)
 Metaspace       used 1843K, capacity 5271K, committed 5376K, reserved 1056768K
  class space    used 169K, capacity 483K, committed 512K, reserved 1048576K
}
Event: 0,755 GC heap before
{Heap before GC invocations=1 (full 0):
 garbage-first heap   total 129024K, used 74944K [0x0000000085000000, 0x0000000100000000)
  region size 1024K, 74 young (75776K), 2 survivors (2048K)
 Metaspace       used 8529K, capacity 9746K, committed 9984K, reserved 1058816K
  class space    used 1055K, capacity 1266K, committed 1280K, reserved 1048576K
}
Event: 0,761 GC heap after
{Heap after GC invocations=2 (full 0):
 garbage-first heap   total 129024K, used 4919K [0x0000000085000000, 0x0000000100000000)
  region size 1024K, 5 young (5120K), 5 survivors (5120K)
 Metaspace       used 8529K, capacity 9746K, committed 9984K, reserved 1058816K
  class space    used 1055K, capacity 1266K, committed 1280K, reserved 1048576K
}
Event: 1,021 GC heap before
{Heap before GC invocations=2 (full 0):
 garbage-first heap   total 129024K, used 74551K [0x0000000085000000, 0x0000000100000000)
  region size 1024K, 75 young (76800K), 5 survivors (5120K)
 Metaspace       used 14351K, capacity 14945K, committed 15104K, reserved 1062912K
  class space    used 1753K, capacity 1984K, committed 2048K, reserved 1048576K
}
Event: 1,028 GC heap after
{Heap after GC invocations=3 (full 0):
 garbage-first heap   total 129024K, used 5991K [0x0000000085000000, 0x0000000100000000)
  region size 1024K, 6 young (6144K), 6 survivors (6144K)
 Metaspace       used 14351K, capacity 14945K, committed 15104K, reserved 1062912K
  class space    used 1753K, capacity 1984K, committed 2048K, reserved 1048576K
}
Event: 1,439 GC heap before
{Heap before GC invocations=3 (full 0):
 garbage-first heap   total 129024K, used 74599K [0x0000000085000000, 0x0000000100000000)
  region size 1024K, 74 young (75776K), 6 survivors (6144K)
 Metaspace       used 17441K, capacity 18113K, committed 18304K, reserved 1064960K
  class space    used 2127K, capacity 2396K, committed 2432K, reserved 1048576K
}
Event: 1,450 GC heap after
{Heap after GC invocations=4 (full 0):
 garbage-first heap   total 129024K, used 7749K [0x0000000085000000, 0x0000000100000000)
  region size 1024K, 7 young (7168K), 7 survivors (7168K)
 Metaspace       used 17441K, capacity 18113K, committed 18304K, reserved 1064960K
  class space    used 2127K, capacity 2396K, committed 2432K, reserved 1048576K
}
Event: 2,101 GC heap before
{Heap before GC invocations=4 (full 0):
 garbage-first heap   total 129024K, used 46661K [0x0000000085000000, 0x0000000100000000)
  region size 1024K, 46 young (47104K), 7 survivors (7168K)
 Metaspace       used 20424K, capacity 21174K, committed 21248K, reserved 1067008K
  class space    used 2514K, capacity 2812K, committed 2816K, reserved 1048576K
}
Event: 2,123 GC heap after
{Heap after GC invocations=5 (full 0):
 garbage-first heap   total 177152K, used 8608K [0x0000000085000000, 0x0000000100000000)
  region size 1024K, 4 young (4096K), 4 survivors (4096K)
 Metaspace       used 20424K, capacity 21174K, committed 21248K, reserved 1067008K
  class space    used 2514K, capacity 2812K, committed 2816K, reserved 1048576K
}
Event: 3,641 GC heap before
{Heap before GC invocations=6 (full 0):
 garbage-first heap   total 177152K, used 107936K [0x0000000085000000, 0x0000000100000000)
  region size 1024K, 101 young (103424K), 4 survivors (4096K)
 Metaspace       used 28760K, capacity 29857K, committed 30208K, reserved 1075200K
  class space    used 3591K, capacity 4032K, committed 4096K, reserved 1048576K
}
Event: 3,650 GC heap after
{Heap after GC invocations=7 (full 0):
 garbage-first heap   total 177152K, used 11884K [0x0000000085000000, 0x0000000100000000)
  region size 1024K, 8 young (8192K), 8 survivors (8192K)
 Metaspace       used 28760K, capacity 29857K, committed 30208K, reserved 1075200K
  class space    used 3591K, capacity 4032K, committed 4096K, reserved 1048576K
}
Event: 4,106 GC heap before
{Heap before GC invocations=7 (full 0):
 garbage-first heap   total 177152K, used 90732K [0x0000000085000000, 0x0000000100000000)
  region size 1024K, 86 young (88064K), 8 survivors (8192K)
 Metaspace       used 34447K, capacity 35508K, committed 35840K, reserved 1081344K
  class space    used 4444K, capacity 4870K, committed 4992K, reserved 1048576K
}
Event: 4,116 GC heap after
{Heap after GC invocations=8 (full 0):
 garbage-first heap   total 177152K, used 13413K [0x0000000085000000, 0x0000000100000000)
  region size 1024K, 8 young (8192K), 8 survivors (8192K)
 Metaspace       used 34447K, capacity 35508K, committed 35840K, reserved 1081344K
  class space    used 4444K, capacity 4870K, committed 4992K, reserved 1048576K
}
Event: 4,688 GC heap before
{Heap before GC invocations=9 (full 0):
 garbage-first heap   total 177152K, used 110693K [0x0000000085000000, 0x0000000100000000)
  region size 1024K, 103 young (105472K), 8 survivors (8192K)
 Metaspace       used 43403K, capacity 44572K, committed 45056K, reserved 1087488K
  class space    used 5573K, capacity 6031K, committed 6144K, reserved 1048576K
}
Event: 4,696 GC heap after
{Heap after GC invocations=10 (full 0):
 garbage-first heap   total 177152K, used 16596K [0x0000000085000000, 0x0000000100000000)
  region size 1024K, 10 young (10240K), 10 survivors (10240K)
 Metaspace       used 43403K, capacity 44572K, committed 45056K, reserved 1087488K
  class space    used 5573K, capacity 6031K, committed 6144K, reserved 1048576K
}

