# JRE version: OpenJDK Runtime Environment (11.0.11+9) (build 11.0.11+9-Ubuntu-0ubuntu2.20.04)
# Java VM: OpenJDK 64-Bit Server VM (11.0.11+9-Ubuntu-0ubuntu2.20.04, mixed mode, sharing, tiered, compressed oops, g1 gc, linux-amd64)
Heap:
 garbage-first heap   total 181248K, used 74004K [0x0000000085000000, 0x0000000100000000)
  region size 1024K, 69 young (70656K), 12 survivors (12288K)
 Metaspace       used 49557K, capacity 50912K, committed 51200K, reserved 1093632K
  class space    used 6315K, capacity 6839K, committed 6912K, reserved 1048576K
GC Heap History (16 events):
Event: 0,364 GC heap before
{Heap before GC invocations=0 (full 0):
 garbage-first heap   total 129024K, used 25288K [0x0000000085000000, 0x0000000100000000)
  region size 1024K, 24 young (24576K), 0 survivors (0K)
 Metaspace       used 1838K, capacity 5271K, committed 5376K, reserved 1056768K
  class space    used 168K, capacity 483K, committed 512K, reserved 1048576K
}
Event: 0,371 GC heap after
{Heap after GC invocations=1 (full 0):
 garbage-first heap   total 129024K, used 2242K [0x0000000085000000, 0x0000000100000000)
  region size 1024K, 2 young (2048K), 2 survivors (2048K)
 Metaspace       used 1838K, capacity 5271K, committed 5376K, reserved 1056768K
  class space    used 168K, capacity 483K, committed 512K, reserved 1048576K
}
Event: 1,969 GC heap before
{Heap before GC invocations=1 (full 0):
 garbage-first heap   total 129024K, used 74946K [0x0000000085000000, 0x0000000100000000)
  region size 1024K, 74 young (75776K), 2 survivors (2048K)
 Metaspace       used 8358K, capacity 9613K, committed 9728K, reserved 1058816K
  class space    used 1036K, capacity 1264K, committed 1280K, reserved 1048576K
}
Event: 1,997 GC heap after
{Heap after GC invocations=2 (full 0):
 garbage-first heap   total 129024K, used 4750K [0x0000000085000000, 0x0000000100000000)
  region size 1024K, 4 young (4096K), 4 survivors (4096K)
 Metaspace       used 8358K, capacity 9613K, committed 9728K, reserved 1058816K
  class space    used 1036K, capacity 1264K, committed 1280K, reserved 1048576K
}
Event: 3,218 GC heap before
{Heap before GC invocations=2 (full 0):
 garbage-first heap   total 129024K, used 75406K [0x0000000085000000, 0x0000000100000000)
  region size 1024K, 74 young (75776K), 4 survivors (4096K)
 Metaspace       used 15608K, capacity 16256K, committed 16512K, reserved 1062912K
  class space    used 1923K, capacity 2165K, committed 2176K, reserved 1048576K
}
Event: 3,239 GC heap after
{Heap after GC invocations=3 (full 0):
 garbage-first heap   total 129024K, used 6305K [0x0000000085000000, 0x0000000100000000)
  region size 1024K, 6 young (6144K), 6 survivors (6144K)
 Metaspace       used 15608K, capacity 16256K, committed 16512K, reserved 1062912K
  class space    used 1923K, capacity 2165K, committed 2176K, reserved 1048576K
}
Event: 4,976 GC heap before
{Heap before GC invocations=3 (full 0):
 garbage-first heap   total 129024K, used 75937K [0x0000000085000000, 0x0000000100000000)
  region size 1024K, 74 young (75776K), 6 survivors (6144K)
 Metaspace       used 19274K, capacity 20005K, committed 20096K, reserved 1067008K
  class space    used 2367K, capacity 2680K, committed 2688K, reserved 1048576K
}
Event: 5,034 GC heap after
{Heap after GC invocations=4 (full 0):
 garbage-first heap   total 129024K, used 7867K [0x0000000085000000, 0x0000000100000000)
  region size 1024K, 6 young (6144K), 6 survivors (6144K)
 Metaspace       used 19274K, capacity 20005K, committed 20096K, reserved 1067008K
  class space    used 2367K, capacity 2680K, committed 2688K, reserved 1048576K
}
Event: 5,467 GC heap before
{Heap before GC invocations=4 (full 0):
 garbage-first heap   total 129024K, used 20155K [0x0000000085000000, 0x0000000100000000)
  region size 1024K, 19 young (19456K), 6 survivors (6144K)
 Metaspace       used 20450K, capacity 21174K, committed 21248K, reserved 1067008K
  class space    used 2513K, capacity 2812K, committed 2816K, reserved 1048576K
}
Event: 5,490 GC heap after
{Heap after GC invocations=5 (full 0):
 garbage-first heap   total 181248K, used 8278K [0x0000000085000000, 0x0000000100000000)
  region size 1024K, 4 young (4096K), 4 survivors (4096K)
 Metaspace       used 20450K, capacity 21174K, committed 21248K, reserved 1067008K
  class space    used 2513K, capacity 2812K, committed 2816K, reserved 1048576K
}
Event: 7,898 GC heap before
{Heap before GC invocations=6 (full 0):
 garbage-first heap   total 181248K, used 103510K [0x0000000085000000, 0x0000000100000000)
  region size 1024K, 97 young (99328K), 4 survivors (4096K)
 Metaspace       used 29263K, capacity 30303K, committed 30464K, reserved 1075200K
  class space    used 3673K, capacity 4096K, committed 4096K, reserved 1048576K
}
Event: 7,916 GC heap after
{Heap after GC invocations=7 (full 0):
 garbage-first heap   total 181248K, used 11965K [0x0000000085000000, 0x0000000100000000)
  region size 1024K, 8 young (8192K), 8 survivors (8192K)
 Metaspace       used 29263K, capacity 30303K, committed 30464K, reserved 1075200K
  class space    used 3673K, capacity 4096K, committed 4096K, reserved 1048576K
}
Event: 8,951 GC heap before
{Heap before GC invocations=7 (full 0):
 garbage-first heap   total 181248K, used 65213K [0x0000000085000000, 0x0000000100000000)
  region size 1024K, 61 young (62464K), 8 survivors (8192K)
 Metaspace       used 34445K, capacity 35506K, committed 35840K, reserved 1081344K
  class space    used 4444K, capacity 4870K, committed 4992K, reserved 1048576K
}
Event: 8,993 GC heap after
{Heap after GC invocations=8 (full 0):
 garbage-first heap   total 181248K, used 13169K [0x0000000085000000, 0x0000000100000000)
  region size 1024K, 9 young (9216K), 9 survivors (9216K)
 Metaspace       used 34445K, capacity 35506K, committed 35840K, reserved 1081344K
  class space    used 4444K, capacity 4870K, committed 4992K, reserved 1048576K
}
Event: 11,457 GC heap before
{Heap before GC invocations=9 (full 0):
 garbage-first heap   total 181248K, used 112497K [0x0000000085000000, 0x0000000100000000)
  region size 1024K, 106 young (108544K), 9 survivors (9216K)
 Metaspace       used 44088K, capacity 45281K, committed 45568K, reserved 1089536K
  class space    used 5666K, capacity 6117K, committed 6144K, reserved 1048576K
}
Event: 11,510 GC heap after
{Heap after GC invocations=10 (full 0):
 garbage-first heap   total 181248K, used 17684K [0x0000000085000000, 0x0000000100000000)
  region size 1024K, 12 young (12288K), 12 survivors (12288K)
 Metaspace       used 44088K, capacity 45281K, committed 45568K, reserved 1089536K
  class space    used 5666K, capacity 6117K, committed 6144K, reserved 1048576K
}

