# JRE version: OpenJDK Runtime Environment (11.0.11+9) (build 11.0.11+9-Ubuntu-0ubuntu2.20.04)
# Java VM: OpenJDK 64-Bit Server VM (11.0.11+9-Ubuntu-0ubuntu2.20.04, mixed mode, sharing, tiered, compressed oops, g1 gc, linux-amd64)
Heap:
 garbage-first heap   total 177152K, used 68506K [0x0000000085000000, 0x0000000100000000)
  region size 1024K, 62 young (63488K), 11 survivors (11264K)
 Metaspace       used 48852K, capacity 50207K, committed 50560K, reserved 1093632K
  class space    used 6227K, capacity 6751K, committed 6784K, reserved 1048576K
GC Heap History (16 events):
Event: 0,431 GC heap before
{Heap before GC invocations=0 (full 0):
 garbage-first heap   total 129024K, used 25288K [0x0000000085000000, 0x0000000100000000)
  region size 1024K, 24 young (24576K), 0 survivors (0K)
 Metaspace       used 1815K, capacity 5271K, committed 5376K, reserved 1056768K
  class space    used 168K, capacity 483K, committed 512K, reserved 1048576K
}
Event: 0,445 GC heap after
{Heap after GC invocations=1 (full 0):
 garbage-first heap   total 129024K, used 2240K [0x0000000085000000, 0x0000000100000000)
  region size 1024K, 2 young (2048K), 2 survivors (2048K)
 Metaspace       used 1815K, capacity 5271K, committed 5376K, reserved 1056768K
  class space    used 168K, capacity 483K, committed 512K, reserved 1048576K
}
Event: 1,510 GC heap before
{Heap before GC invocations=1 (full 0):
 garbage-first heap   total 129024K, used 74944K [0x0000000085000000, 0x0000000100000000)
  region size 1024K, 74 young (75776K), 2 survivors (2048K)
 Metaspace       used 8293K, capacity 9578K, committed 9728K, reserved 1058816K
  class space    used 1032K, capacity 1232K, committed 1280K, reserved 1048576K
}
Event: 1,527 GC heap after
{Heap after GC invocations=2 (full 0):
 garbage-first heap   total 129024K, used 4808K [0x0000000085000000, 0x0000000100000000)
  region size 1024K, 4 young (4096K), 4 survivors (4096K)
 Metaspace       used 8293K, capacity 9578K, committed 9728K, reserved 1058816K
  class space    used 1032K, capacity 1232K, committed 1280K, reserved 1048576K
}
Event: 1,984 GC heap before
{Heap before GC invocations=2 (full 0):
 garbage-first heap   total 129024K, used 75464K [0x0000000085000000, 0x0000000100000000)
  region size 1024K, 74 young (75776K), 4 survivors (4096K)
 Metaspace       used 14264K, capacity 14843K, committed 15104K, reserved 1062912K
  class space    used 1748K, capacity 1950K, committed 2048K, reserved 1048576K
}
Event: 1,999 GC heap after
{Heap after GC invocations=3 (full 0):
 garbage-first heap   total 129024K, used 5990K [0x0000000085000000, 0x0000000100000000)
  region size 1024K, 6 young (6144K), 6 survivors (6144K)
 Metaspace       used 14264K, capacity 14843K, committed 15104K, reserved 1062912K
  class space    used 1748K, capacity 1950K, committed 2048K, reserved 1048576K
}
Event: 2,746 GC heap before
{Heap before GC invocations=3 (full 0):
 garbage-first heap   total 129024K, used 75622K [0x0000000085000000, 0x0000000100000000)
  region size 1024K, 74 young (75776K), 6 survivors (6144K)
 Metaspace       used 17433K, capacity 18143K, committed 18304K, reserved 1064960K
  class space    used 2133K, capacity 2428K, committed 2432K, reserved 1048576K
}
Event: 2,763 GC heap after
{Heap after GC invocations=4 (full 0):
 garbage-first heap   total 129024K, used 7452K [0x0000000085000000, 0x0000000100000000)
  region size 1024K, 7 young (7168K), 7 survivors (7168K)
 Metaspace       used 17433K, capacity 18143K, committed 18304K, reserved 1064960K
  class space    used 2133K, capacity 2428K, committed 2432K, reserved 1048576K
}
Event: 3,384 GC heap before
{Heap before GC invocations=4 (full 0):
 garbage-first heap   total 129024K, used 40220K [0x0000000085000000, 0x0000000100000000)
  region size 1024K, 40 young (40960K), 7 survivors (7168K)
 Metaspace       used 20413K, capacity 21168K, committed 21248K, reserved 1067008K
  class space    used 2517K, capacity 2812K, committed 2816K, reserved 1048576K
}
Event: 3,413 GC heap after
{Heap after GC invocations=5 (full 0):
 garbage-first heap   total 177152K, used 8340K [0x0000000085000000, 0x0000000100000000)
  region size 1024K, 4 young (4096K), 4 survivors (4096K)
 Metaspace       used 20413K, capacity 21168K, committed 21248K, reserved 1067008K
  class space    used 2517K, capacity 2812K, committed 2816K, reserved 1048576K
}
Event: 5,039 GC heap before
{Heap before GC invocations=6 (full 0):
 garbage-first heap   total 177152K, used 104596K [0x0000000085000000, 0x0000000100000000)
  region size 1024K, 98 young (100352K), 4 survivors (4096K)
 Metaspace       used 29264K, capacity 30362K, committed 30464K, reserved 1075200K
  class space    used 3678K, capacity 4096K, committed 4096K, reserved 1048576K
}
Event: 5,055 GC heap after
{Heap after GC invocations=7 (full 0):
 garbage-first heap   total 177152K, used 11939K [0x0000000085000000, 0x0000000100000000)
  region size 1024K, 8 young (8192K), 8 survivors (8192K)
 Metaspace       used 29264K, capacity 30362K, committed 30464K, reserved 1075200K
  class space    used 3678K, capacity 4096K, committed 4096K, reserved 1048576K
}
Event: 5,710 GC heap before
{Heap before GC invocations=7 (full 0):
 garbage-first heap   total 177152K, used 65187K [0x0000000085000000, 0x0000000100000000)
  region size 1024K, 61 young (62464K), 8 survivors (8192K)
 Metaspace       used 34454K, capacity 35501K, committed 35840K, reserved 1081344K
  class space    used 4450K, capacity 4870K, committed 4992K, reserved 1048576K
}
Event: 5,734 GC heap after
{Heap after GC invocations=8 (full 0):
 garbage-first heap   total 177152K, used 13392K [0x0000000085000000, 0x0000000100000000)
  region size 1024K, 8 young (8192K), 8 survivors (8192K)
 Metaspace       used 34454K, capacity 35501K, committed 35840K, reserved 1081344K
  class space    used 4450K, capacity 4870K, committed 4992K, reserved 1048576K
}
Event: 7,282 GC heap before
{Heap before GC invocations=9 (full 0):
 garbage-first heap   total 177152K, used 110672K [0x0000000085000000, 0x0000000100000000)
  region size 1024K, 103 young (105472K), 8 survivors (8192K)
 Metaspace       used 44063K, capacity 45280K, committed 45568K, reserved 1089536K
  class space    used 5660K, capacity 6117K, committed 6144K, reserved 1048576K
}
Event: 7,306 GC heap after
{Heap after GC invocations=10 (full 0):
 garbage-first heap   total 177152K, used 17306K [0x0000000085000000, 0x0000000100000000)
  region size 1024K, 11 young (11264K), 11 survivors (11264K)
 Metaspace       used 44063K, capacity 45280K, committed 45568K, reserved 1089536K
  class space    used 5660K, capacity 6117K, committed 6144K, reserved 1048576K
}

