# JRE version: OpenJDK Runtime Environment (11.0.11+9) (build 11.0.11+9-Ubuntu-0ubuntu2.20.04)
# Java VM: OpenJDK 64-Bit Server VM (11.0.11+9-Ubuntu-0ubuntu2.20.04, mixed mode, sharing, tiered, compressed oops, g1 gc, linux-amd64)
Heap:
 garbage-first heap   total 179200K, used 67642K [0x0000000085000000, 0x0000000100000000)
  region size 1024K, 60 young (61440K), 10 survivors (10240K)
 Metaspace       used 48889K, capacity 50203K, committed 50556K, reserved 1093632K
  class space    used 6229K, capacity 6751K, committed 6784K, reserved 1048576K
GC Heap History (16 events):
Event: 0,381 GC heap before
{Heap before GC invocations=0 (full 0):
 garbage-first heap   total 129024K, used 25288K [0x0000000085000000, 0x0000000100000000)
  region size 1024K, 24 young (24576K), 0 survivors (0K)
 Metaspace       used 1832K, capacity 5271K, committed 5376K, reserved 1056768K
  class space    used 168K, capacity 483K, committed 512K, reserved 1048576K
}
Event: 0,394 GC heap after
{Heap after GC invocations=1 (full 0):
 garbage-first heap   total 129024K, used 2229K [0x0000000085000000, 0x0000000100000000)
  region size 1024K, 2 young (2048K), 2 survivors (2048K)
 Metaspace       used 1832K, capacity 5271K, committed 5376K, reserved 1056768K
  class space    used 168K, capacity 483K, committed 512K, reserved 1048576K
}
Event: 1,477 GC heap before
{Heap before GC invocations=1 (full 0):
 garbage-first heap   total 129024K, used 74933K [0x0000000085000000, 0x0000000100000000)
  region size 1024K, 74 young (75776K), 2 survivors (2048K)
 Metaspace       used 8253K, capacity 9514K, committed 9728K, reserved 1058816K
  class space    used 1032K, capacity 1232K, committed 1280K, reserved 1048576K
}
Event: 1,492 GC heap after
{Heap after GC invocations=2 (full 0):
 garbage-first heap   total 129024K, used 4808K [0x0000000085000000, 0x0000000100000000)
  region size 1024K, 4 young (4096K), 4 survivors (4096K)
 Metaspace       used 8253K, capacity 9514K, committed 9728K, reserved 1058816K
  class space    used 1032K, capacity 1232K, committed 1280K, reserved 1048576K
}
Event: 2,063 GC heap before
{Heap before GC invocations=2 (full 0):
 garbage-first heap   total 129024K, used 75464K [0x0000000085000000, 0x0000000100000000)
  region size 1024K, 74 young (75776K), 4 survivors (4096K)
 Metaspace       used 15369K, capacity 16043K, committed 16256K, reserved 1062912K
  class space    used 1909K, capacity 2159K, committed 2176K, reserved 1048576K
}
Event: 2,079 GC heap after
{Heap after GC invocations=3 (full 0):
 garbage-first heap   total 129024K, used 6252K [0x0000000085000000, 0x0000000100000000)
  region size 1024K, 6 young (6144K), 6 survivors (6144K)
 Metaspace       used 15369K, capacity 16043K, committed 16256K, reserved 1062912K
  class space    used 1909K, capacity 2159K, committed 2176K, reserved 1048576K
}
Event: 2,948 GC heap before
{Heap before GC invocations=3 (full 0):
 garbage-first heap   total 129024K, used 75884K [0x0000000085000000, 0x0000000100000000)
  region size 1024K, 74 young (75776K), 6 survivors (6144K)
 Metaspace       used 18817K, capacity 19580K, committed 19840K, reserved 1067008K
  class space    used 2317K, capacity 2626K, committed 2688K, reserved 1048576K
}
Event: 2,965 GC heap after
{Heap after GC invocations=4 (full 0):
 garbage-first heap   total 129024K, used 7769K [0x0000000085000000, 0x0000000100000000)
  region size 1024K, 7 young (7168K), 7 survivors (7168K)
 Metaspace       used 18817K, capacity 19580K, committed 19840K, reserved 1067008K
  class space    used 2317K, capacity 2626K, committed 2688K, reserved 1048576K
}
Event: 3,241 GC heap before
{Heap before GC invocations=4 (full 0):
 garbage-first heap   total 129024K, used 26201K [0x0000000085000000, 0x0000000100000000)
  region size 1024K, 26 young (26624K), 7 survivors (7168K)
 Metaspace       used 20446K, capacity 21230K, committed 21248K, reserved 1067008K
  class space    used 2528K, capacity 2812K, committed 2816K, reserved 1048576K
}
Event: 3,267 GC heap after
{Heap after GC invocations=5 (full 0):
 garbage-first heap   total 179200K, used 8549K [0x0000000085000000, 0x0000000100000000)
  region size 1024K, 4 young (4096K), 4 survivors (4096K)
 Metaspace       used 20446K, capacity 21230K, committed 21248K, reserved 1067008K
  class space    used 2528K, capacity 2812K, committed 2816K, reserved 1048576K
}
Event: 4,681 GC heap before
{Heap before GC invocations=6 (full 0):
 garbage-first heap   total 179200K, used 98661K [0x0000000085000000, 0x0000000100000000)
  region size 1024K, 92 young (94208K), 4 survivors (4096K)
 Metaspace       used 29015K, capacity 30137K, committed 30460K, reserved 1075200K
  class space    used 3629K, capacity 4064K, committed 4096K, reserved 1048576K
}
Event: 4,697 GC heap after
{Heap after GC invocations=7 (full 0):
 garbage-first heap   total 179200K, used 12039K [0x0000000085000000, 0x0000000100000000)
  region size 1024K, 8 young (8192K), 8 survivors (8192K)
 Metaspace       used 29015K, capacity 30137K, committed 30460K, reserved 1075200K
  class space    used 3629K, capacity 4064K, committed 4096K, reserved 1048576K
}
Event: 5,279 GC heap before
{Heap before GC invocations=7 (full 0):
 garbage-first heap   total 179200K, used 69383K [0x0000000085000000, 0x0000000100000000)
  region size 1024K, 65 young (66560K), 8 survivors (8192K)
 Metaspace       used 34459K, capacity 35564K, committed 35964K, reserved 1081344K
  class space    used 4453K, capacity 4870K, committed 4992K, reserved 1048576K
}
Event: 5,293 GC heap after
{Heap after GC invocations=8 (full 0):
 garbage-first heap   total 179200K, used 13442K [0x0000000085000000, 0x0000000100000000)
  region size 1024K, 8 young (8192K), 8 survivors (8192K)
 Metaspace       used 34459K, capacity 35564K, committed 35964K, reserved 1081344K
  class space    used 4453K, capacity 4870K, committed 4992K, reserved 1048576K
}
Event: 6,005 GC heap before
{Heap before GC invocations=9 (full 0):
 garbage-first heap   total 179200K, used 111746K [0x0000000085000000, 0x0000000100000000)
  region size 1024K, 104 young (106496K), 8 survivors (8192K)
 Metaspace       used 44061K, capacity 45276K, committed 45820K, reserved 1089536K
  class space    used 5666K, capacity 6117K, committed 6144K, reserved 1048576K
}
Event: 6,017 GC heap after
{Heap after GC invocations=10 (full 0):
 garbage-first heap   total 179200K, used 17466K [0x0000000085000000, 0x0000000100000000)
  region size 1024K, 10 young (10240K), 10 survivors (10240K)
 Metaspace       used 44061K, capacity 45276K, committed 45820K, reserved 1089536K
  class space    used 5666K, capacity 6117K, committed 6144K, reserved 1048576K
}

