# JRE version: OpenJDK Runtime Environment (11.0.11+9) (build 11.0.11+9-Ubuntu-0ubuntu2.20.04)
# Java VM: OpenJDK 64-Bit Server VM (11.0.11+9-Ubuntu-0ubuntu2.20.04, mixed mode, sharing, tiered, compressed oops, g1 gc, linux-amd64)
Heap:
 garbage-first heap   total 183296K, used 65795K [0x0000000085000000, 0x0000000100000000)
  region size 1024K, 59 young (60416K), 11 survivors (11264K)
 Metaspace       used 48956K, capacity 50298K, committed 50556K, reserved 1093632K
  class space    used 6232K, capacity 6757K, committed 6784K, reserved 1048576K
GC Heap History (16 events):
Event: 0,294 GC heap before
{Heap before GC invocations=0 (full 0):
 garbage-first heap   total 129024K, used 25288K [0x0000000085000000, 0x0000000100000000)
  region size 1024K, 24 young (24576K), 0 survivors (0K)
 Metaspace       used 1822K, capacity 5271K, committed 5376K, reserved 1056768K
  class space    used 168K, capacity 483K, committed 512K, reserved 1048576K
}
Event: 0,300 GC heap after
{Heap after GC invocations=1 (full 0):
 garbage-first heap   total 129024K, used 2235K [0x0000000085000000, 0x0000000100000000)
  region size 1024K, 2 young (2048K), 2 survivors (2048K)
 Metaspace       used 1822K, capacity 5271K, committed 5376K, reserved 1056768K
  class space    used 168K, capacity 483K, committed 512K, reserved 1048576K
}
Event: 1,008 GC heap before
{Heap before GC invocations=1 (full 0):
 garbage-first heap   total 129024K, used 74939K [0x0000000085000000, 0x0000000100000000)
  region size 1024K, 74 young (75776K), 2 survivors (2048K)
 Metaspace       used 8301K, capacity 9580K, committed 9728K, reserved 1058816K
  class space    used 1032K, capacity 1232K, committed 1280K, reserved 1048576K
}
Event: 1,017 GC heap after
{Heap after GC invocations=2 (full 0):
 garbage-first heap   total 129024K, used 4759K [0x0000000085000000, 0x0000000100000000)
  region size 1024K, 4 young (4096K), 4 survivors (4096K)
 Metaspace       used 8301K, capacity 9580K, committed 9728K, reserved 1058816K
  class space    used 1032K, capacity 1232K, committed 1280K, reserved 1048576K
}
Event: 1,367 GC heap before
{Heap before GC invocations=2 (full 0):
 garbage-first heap   total 129024K, used 75415K [0x0000000085000000, 0x0000000100000000)
  region size 1024K, 74 young (75776K), 4 survivors (4096K)
 Metaspace       used 14356K, capacity 14952K, committed 15360K, reserved 1062912K
  class space    used 1758K, capacity 1986K, committed 2048K, reserved 1048576K
}
Event: 1,376 GC heap after
{Heap after GC invocations=3 (full 0):
 garbage-first heap   total 129024K, used 5832K [0x0000000085000000, 0x0000000100000000)
  region size 1024K, 5 young (5120K), 5 survivors (5120K)
 Metaspace       used 14356K, capacity 14952K, committed 15360K, reserved 1062912K
  class space    used 1758K, capacity 1986K, committed 2048K, reserved 1048576K
}
Event: 1,843 GC heap before
{Heap before GC invocations=3 (full 0):
 garbage-first heap   total 129024K, used 76488K [0x0000000085000000, 0x0000000100000000)
  region size 1024K, 74 young (75776K), 5 survivors (5120K)
 Metaspace       used 17778K, capacity 18480K, committed 18688K, reserved 1064960K
  class space    used 2179K, capacity 2476K, committed 2560K, reserved 1048576K
}
Event: 1,870 GC heap after
{Heap after GC invocations=4 (full 0):
 garbage-first heap   total 129024K, used 7150K [0x0000000085000000, 0x0000000100000000)
  region size 1024K, 7 young (7168K), 7 survivors (7168K)
 Metaspace       used 17778K, capacity 18480K, committed 18688K, reserved 1064960K
  class space    used 2179K, capacity 2476K, committed 2560K, reserved 1048576K
}
Event: 2,372 GC heap before
{Heap before GC invocations=4 (full 0):
 garbage-first heap   total 129024K, used 37870K [0x0000000085000000, 0x0000000100000000)
  region size 1024K, 38 young (38912K), 7 survivors (7168K)
 Metaspace       used 20441K, capacity 21170K, committed 21248K, reserved 1067008K
  class space    used 2528K, capacity 2812K, committed 2816K, reserved 1048576K
}
Event: 2,394 GC heap after
{Heap after GC invocations=5 (full 0):
 garbage-first heap   total 183296K, used 8263K [0x0000000085000000, 0x0000000100000000)
  region size 1024K, 6 young (6144K), 6 survivors (6144K)
 Metaspace       used 20441K, capacity 21170K, committed 21248K, reserved 1067008K
  class space    used 2528K, capacity 2812K, committed 2816K, reserved 1048576K
}
Event: 4,110 GC heap before
{Heap before GC invocations=6 (full 0):
 garbage-first heap   total 183296K, used 108615K [0x0000000085000000, 0x0000000100000000)
  region size 1024K, 104 young (106496K), 6 survivors (6144K)
 Metaspace       used 29770K, capacity 30846K, committed 31100K, reserved 1077248K
  class space    used 3767K, capacity 4193K, committed 4224K, reserved 1048576K
}
Event: 4,125 GC heap after
{Heap after GC invocations=7 (full 0):
 garbage-first heap   total 183296K, used 12359K [0x0000000085000000, 0x0000000100000000)
  region size 1024K, 10 young (10240K), 10 survivors (10240K)
 Metaspace       used 29770K, capacity 30846K, committed 31100K, reserved 1077248K
  class space    used 3767K, capacity 4193K, committed 4224K, reserved 1048576K
}
Event: 4,666 GC heap before
{Heap before GC invocations=7 (full 0):
 garbage-first heap   total 183296K, used 60487K [0x0000000085000000, 0x0000000100000000)
  region size 1024K, 58 young (59392K), 10 survivors (10240K)
 Metaspace       used 34559K, capacity 35663K, committed 35964K, reserved 1081344K
  class space    used 4460K, capacity 4902K, committed 4992K, reserved 1048576K
}
Event: 4,697 GC heap after
{Heap after GC invocations=8 (full 0):
 garbage-first heap   total 183296K, used 13783K [0x0000000085000000, 0x0000000100000000)
  region size 1024K, 9 young (9216K), 9 survivors (9216K)
 Metaspace       used 34559K, capacity 35663K, committed 35964K, reserved 1081344K
  class space    used 4460K, capacity 4902K, committed 4992K, reserved 1048576K
}
Event: 5,675 GC heap before
{Heap before GC invocations=9 (full 0):
 garbage-first heap   total 183296K, used 114135K [0x0000000085000000, 0x0000000100000000)
  region size 1024K, 107 young (109568K), 9 survivors (9216K)
 Metaspace       used 44184K, capacity 45419K, committed 45948K, reserved 1089536K
  class space    used 5687K, capacity 6164K, committed 6272K, reserved 1048576K
}
Event: 5,694 GC heap after
{Heap after GC invocations=10 (full 0):
 garbage-first heap   total 183296K, used 17667K [0x0000000085000000, 0x0000000100000000)
  region size 1024K, 11 young (11264K), 11 survivors (11264K)
 Metaspace       used 44184K, capacity 45419K, committed 45948K, reserved 1089536K
  class space    used 5687K, capacity 6164K, committed 6272K, reserved 1048576K
}

