# JRE version: OpenJDK Runtime Environment (11.0.11+9) (build 11.0.11+9-Ubuntu-0ubuntu2.20.04)
# Java VM: OpenJDK 64-Bit Server VM (11.0.11+9-Ubuntu-0ubuntu2.20.04, mixed mode, sharing, tiered, compressed oops, g1 gc, linux-amd64)
Heap:
 garbage-first heap   total 181248K, used 61722K [0x0000000085000000, 0x0000000100000000)
  region size 1024K, 56 young (57344K), 11 survivors (11264K)
 Metaspace       used 48842K, capacity 50133K, committed 50300K, reserved 1093632K
  class space    used 6229K, capacity 6751K, committed 6784K, reserved 1048576K
GC Heap History (16 events):
Event: 0,377 GC heap before
{Heap before GC invocations=0 (full 0):
 garbage-first heap   total 129024K, used 25288K [0x0000000085000000, 0x0000000100000000)
  region size 1024K, 24 young (24576K), 0 survivors (0K)
 Metaspace       used 1820K, capacity 5271K, committed 5376K, reserved 1056768K
  class space    used 168K, capacity 483K, committed 512K, reserved 1048576K
}
Event: 0,390 GC heap after
{Heap after GC invocations=1 (full 0):
 garbage-first heap   total 129024K, used 2228K [0x0000000085000000, 0x0000000100000000)
  region size 1024K, 2 young (2048K), 2 survivors (2048K)
 Metaspace       used 1820K, capacity 5271K, committed 5376K, reserved 1056768K
  class space    used 168K, capacity 483K, committed 512K, reserved 1048576K
}
Event: 1,573 GC heap before
{Heap before GC invocations=1 (full 0):
 garbage-first heap   total 129024K, used 74932K [0x0000000085000000, 0x0000000100000000)
  region size 1024K, 74 young (75776K), 2 survivors (2048K)
 Metaspace       used 8268K, capacity 9515K, committed 9728K, reserved 1058816K
  class space    used 1031K, capacity 1232K, committed 1280K, reserved 1048576K
}
Event: 1,588 GC heap after
{Heap after GC invocations=2 (full 0):
 garbage-first heap   total 129024K, used 4778K [0x0000000085000000, 0x0000000100000000)
  region size 1024K, 4 young (4096K), 4 survivors (4096K)
 Metaspace       used 8268K, capacity 9515K, committed 9728K, reserved 1058816K
  class space    used 1031K, capacity 1232K, committed 1280K, reserved 1048576K
}
Event: 2,139 GC heap before
{Heap before GC invocations=2 (full 0):
 garbage-first heap   total 129024K, used 75434K [0x0000000085000000, 0x0000000100000000)
  region size 1024K, 74 young (75776K), 4 survivors (4096K)
 Metaspace       used 14822K, capacity 15339K, committed 15744K, reserved 1062912K
  class space    used 1829K, capacity 2054K, committed 2176K, reserved 1048576K
}
Event: 2,155 GC heap after
{Heap after GC invocations=3 (full 0):
 garbage-first heap   total 129024K, used 6142K [0x0000000085000000, 0x0000000100000000)
  region size 1024K, 6 young (6144K), 6 survivors (6144K)
 Metaspace       used 14822K, capacity 15339K, committed 15744K, reserved 1062912K
  class space    used 1829K, capacity 2054K, committed 2176K, reserved 1048576K
}
Event: 3,036 GC heap before
{Heap before GC invocations=3 (full 0):
 garbage-first heap   total 129024K, used 75774K [0x0000000085000000, 0x0000000100000000)
  region size 1024K, 74 young (75776K), 6 survivors (6144K)
 Metaspace       used 18625K, capacity 19354K, committed 19584K, reserved 1067008K
  class space    used 2286K, capacity 2592K, committed 2688K, reserved 1048576K
}
Event: 3,057 GC heap after
{Heap after GC invocations=4 (full 0):
 garbage-first heap   total 129024K, used 7736K [0x0000000085000000, 0x0000000100000000)
  region size 1024K, 7 young (7168K), 7 survivors (7168K)
 Metaspace       used 18625K, capacity 19354K, committed 19584K, reserved 1067008K
  class space    used 2286K, capacity 2592K, committed 2688K, reserved 1048576K
}
Event: 3,346 GC heap before
{Heap before GC invocations=4 (full 0):
 garbage-first heap   total 129024K, used 29240K [0x0000000085000000, 0x0000000100000000)
  region size 1024K, 29 young (29696K), 7 survivors (7168K)
 Metaspace       used 20469K, capacity 21171K, committed 21248K, reserved 1067008K
  class space    used 2528K, capacity 2812K, committed 2816K, reserved 1048576K
}
Event: 3,357 GC heap after
{Heap after GC invocations=5 (full 0):
 garbage-first heap   total 181248K, used 8257K [0x0000000085000000, 0x0000000100000000)
  region size 1024K, 4 young (4096K), 4 survivors (4096K)
 Metaspace       used 20469K, capacity 21171K, committed 21248K, reserved 1067008K
  class space    used 2528K, capacity 2812K, committed 2816K, reserved 1048576K
}
Event: 4,325 GC heap before
{Heap before GC invocations=6 (full 0):
 garbage-first heap   total 181248K, used 102465K [0x0000000085000000, 0x0000000100000000)
  region size 1024K, 96 young (98304K), 4 survivors (4096K)
 Metaspace       used 29365K, capacity 30461K, committed 30844K, reserved 1075200K
  class space    used 3695K, capacity 4128K, committed 4224K, reserved 1048576K
}
Event: 4,335 GC heap after
{Heap after GC invocations=7 (full 0):
 garbage-first heap   total 181248K, used 11968K [0x0000000085000000, 0x0000000100000000)
  region size 1024K, 8 young (8192K), 8 survivors (8192K)
 Metaspace       used 29365K, capacity 30461K, committed 30844K, reserved 1075200K
  class space    used 3695K, capacity 4128K, committed 4224K, reserved 1048576K
}
Event: 4,646 GC heap before
{Heap before GC invocations=7 (full 0):
 garbage-first heap   total 181248K, used 65216K [0x0000000085000000, 0x0000000100000000)
  region size 1024K, 61 young (62464K), 8 survivors (8192K)
 Metaspace       used 34560K, capacity 35664K, committed 35964K, reserved 1081344K
  class space    used 4459K, capacity 4902K, committed 4992K, reserved 1048576K
}
Event: 4,654 GC heap after
{Heap after GC invocations=8 (full 0):
 garbage-first heap   total 181248K, used 13471K [0x0000000085000000, 0x0000000100000000)
  region size 1024K, 8 young (8192K), 8 survivors (8192K)
 Metaspace       used 34560K, capacity 35664K, committed 35964K, reserved 1081344K
  class space    used 4459K, capacity 4902K, committed 4992K, reserved 1048576K
}
Event: 5,540 GC heap before
{Heap before GC invocations=9 (full 0):
 garbage-first heap   total 181248K, used 113823K [0x0000000085000000, 0x0000000100000000)
  region size 1024K, 106 young (108544K), 8 survivors (8192K)
 Metaspace       used 44278K, capacity 45548K, committed 45948K, reserved 1089536K
  class space    used 5693K, capacity 6164K, committed 6272K, reserved 1048576K
}
Event: 5,566 GC heap after
{Heap after GC invocations=10 (full 0):
 garbage-first heap   total 181248K, used 17690K [0x0000000085000000, 0x0000000100000000)
  region size 1024K, 11 young (11264K), 11 survivors (11264K)
 Metaspace       used 44278K, capacity 45548K, committed 45948K, reserved 1089536K
  class space    used 5693K, capacity 6164K, committed 6272K, reserved 1048576K
}

