# JRE version: OpenJDK Runtime Environment (11.0.11+9) (build 11.0.11+9-Ubuntu-0ubuntu2.20.04)
# Java VM: OpenJDK 64-Bit Server VM (11.0.11+9-Ubuntu-0ubuntu2.20.04, mixed mode, sharing, tiered, compressed oops, g1 gc, linux-amd64)
Heap:
 garbage-first heap   total 169984K, used 71321K [0x0000000085000000, 0x0000000100000000)
  region size 1024K, 65 young (66560K), 10 survivors (10240K)
 Metaspace       used 48859K, capacity 50268K, committed 50560K, reserved 1093632K
  class space    used 6229K, capacity 6751K, committed 6784K, reserved 1048576K
GC Heap History (16 events):
Event: 0,422 GC heap before
{Heap before GC invocations=0 (full 0):
 garbage-first heap   total 129024K, used 25288K [0x0000000085000000, 0x0000000100000000)
  region size 1024K, 24 young (24576K), 0 survivors (0K)
 Metaspace       used 1822K, capacity 5271K, committed 5376K, reserved 1056768K
  class space    used 168K, capacity 483K, committed 512K, reserved 1048576K
}
Event: 0,435 GC heap after
{Heap after GC invocations=1 (full 0):
 garbage-first heap   total 129024K, used 2228K [0x0000000085000000, 0x0000000100000000)
  region size 1024K, 2 young (2048K), 2 survivors (2048K)
 Metaspace       used 1822K, capacity 5271K, committed 5376K, reserved 1056768K
  class space    used 168K, capacity 483K, committed 512K, reserved 1048576K
}
Event: 1,495 GC heap before
{Heap before GC invocations=1 (full 0):
 garbage-first heap   total 129024K, used 74932K [0x0000000085000000, 0x0000000100000000)
  region size 1024K, 74 young (75776K), 2 survivors (2048K)
 Metaspace       used 8280K, capacity 9515K, committed 9728K, reserved 1058816K
  class space    used 1031K, capacity 1232K, committed 1280K, reserved 1048576K
}
Event: 1,510 GC heap after
{Heap after GC invocations=2 (full 0):
 garbage-first heap   total 129024K, used 4706K [0x0000000085000000, 0x0000000100000000)
  region size 1024K, 4 young (4096K), 4 survivors (4096K)
 Metaspace       used 8280K, capacity 9515K, committed 9728K, reserved 1058816K
  class space    used 1031K, capacity 1232K, committed 1280K, reserved 1048576K
}
Event: 2,108 GC heap before
{Heap before GC invocations=2 (full 0):
 garbage-first heap   total 129024K, used 75362K [0x0000000085000000, 0x0000000100000000)
  region size 1024K, 74 young (75776K), 4 survivors (4096K)
 Metaspace       used 14489K, capacity 15063K, committed 15360K, reserved 1062912K
  class space    used 1770K, capacity 2018K, committed 2048K, reserved 1048576K
}
Event: 2,124 GC heap after
{Heap after GC invocations=3 (full 0):
 garbage-first heap   total 129024K, used 5832K [0x0000000085000000, 0x0000000100000000)
  region size 1024K, 5 young (5120K), 5 survivors (5120K)
 Metaspace       used 14489K, capacity 15063K, committed 15360K, reserved 1062912K
  class space    used 1770K, capacity 2018K, committed 2048K, reserved 1048576K
}
Event: 2,995 GC heap before
{Heap before GC invocations=3 (full 0):
 garbage-first heap   total 129024K, used 76488K [0x0000000085000000, 0x0000000100000000)
  region size 1024K, 74 young (75776K), 5 survivors (5120K)
 Metaspace       used 18491K, capacity 19238K, committed 19456K, reserved 1067008K
  class space    used 2262K, capacity 2555K, committed 2560K, reserved 1048576K
}
Event: 3,004 GC heap after
{Heap after GC invocations=4 (full 0):
 garbage-first heap   total 129024K, used 7736K [0x0000000085000000, 0x0000000100000000)
  region size 1024K, 7 young (7168K), 7 survivors (7168K)
 Metaspace       used 18491K, capacity 19238K, committed 19456K, reserved 1067008K
  class space    used 2262K, capacity 2555K, committed 2560K, reserved 1048576K
}
Event: 3,275 GC heap before
{Heap before GC invocations=4 (full 0):
 garbage-first heap   total 129024K, used 30264K [0x0000000085000000, 0x0000000100000000)
  region size 1024K, 30 young (30720K), 7 survivors (7168K)
 Metaspace       used 20439K, capacity 21169K, committed 21248K, reserved 1067008K
  class space    used 2519K, capacity 2812K, committed 2816K, reserved 1048576K
}
Event: 3,286 GC heap after
{Heap after GC invocations=5 (full 0):
 garbage-first heap   total 169984K, used 8478K [0x0000000085000000, 0x0000000100000000)
  region size 1024K, 4 young (4096K), 4 survivors (4096K)
 Metaspace       used 20439K, capacity 21169K, committed 21248K, reserved 1067008K
  class space    used 2519K, capacity 2812K, committed 2816K, reserved 1048576K
}
Event: 4,224 GC heap before
{Heap before GC invocations=6 (full 0):
 garbage-first heap   total 169984K, used 97566K [0x0000000085000000, 0x0000000100000000)
  region size 1024K, 91 young (93184K), 4 survivors (4096K)
 Metaspace       used 28891K, capacity 29980K, committed 30208K, reserved 1075200K
  class space    used 3615K, capacity 4032K, committed 4096K, reserved 1048576K
}
Event: 4,233 GC heap after
{Heap after GC invocations=7 (full 0):
 garbage-first heap   total 169984K, used 11862K [0x0000000085000000, 0x0000000100000000)
  region size 1024K, 8 young (8192K), 8 survivors (8192K)
 Metaspace       used 28891K, capacity 29980K, committed 30208K, reserved 1075200K
  class space    used 3615K, capacity 4032K, committed 4096K, reserved 1048576K
}
Event: 4,621 GC heap before
{Heap before GC invocations=7 (full 0):
 garbage-first heap   total 169984K, used 71254K [0x0000000085000000, 0x0000000100000000)
  region size 1024K, 67 young (68608K), 8 survivors (8192K)
 Metaspace       used 34430K, capacity 35503K, committed 35840K, reserved 1081344K
  class space    used 4444K, capacity 4870K, committed 4992K, reserved 1048576K
}
Event: 4,629 GC heap after
{Heap after GC invocations=8 (full 0):
 garbage-first heap   total 169984K, used 13612K [0x0000000085000000, 0x0000000100000000)
  region size 1024K, 8 young (8192K), 8 survivors (8192K)
 Metaspace       used 34430K, capacity 35503K, committed 35840K, reserved 1081344K
  class space    used 4444K, capacity 4870K, committed 4992K, reserved 1048576K
}
Event: 5,511 GC heap before
{Heap before GC invocations=9 (full 0):
 garbage-first heap   total 169984K, used 106796K [0x0000000085000000, 0x0000000100000000)
  region size 1024K, 99 young (101376K), 8 survivors (8192K)
 Metaspace       used 43801K, capacity 44984K, committed 45312K, reserved 1089536K
  class space    used 5629K, capacity 6083K, committed 6144K, reserved 1048576K
}
Event: 5,540 GC heap after
{Heap after GC invocations=10 (full 0):
 garbage-first heap   total 169984K, used 17049K [0x0000000085000000, 0x0000000100000000)
  region size 1024K, 10 young (10240K), 10 survivors (10240K)
 Metaspace       used 43801K, capacity 44984K, committed 45312K, reserved 1089536K
  class space    used 5629K, capacity 6083K, committed 6144K, reserved 1048576K
}

