# JRE version: OpenJDK Runtime Environment (11.0.11+9) (build 11.0.11+9-Ubuntu-0ubuntu2.20.04)
# Java VM: OpenJDK 64-Bit Server VM (11.0.11+9-Ubuntu-0ubuntu2.20.04, mixed mode, sharing, tiered, compressed oops, g1 gc, linux-amd64)
Heap:
 garbage-first heap   total 165888K, used 53050K [0x0000000085000000, 0x0000000100000000)
  region size 1024K, 46 young (47104K), 10 survivors (10240K)
 Metaspace       used 46056K, capacity 47351K, committed 47484K, reserved 1089536K
  class space    used 5936K, capacity 6439K, committed 6528K, reserved 1048576K
GC Heap History (16 events):
Event: 0,447 GC heap before
{Heap before GC invocations=0 (full 0):
 garbage-first heap   total 129024K, used 25288K [0x0000000085000000, 0x0000000100000000)
  region size 1024K, 24 young (24576K), 0 survivors (0K)
 Metaspace       used 1821K, capacity 5271K, committed 5376K, reserved 1056768K
  class space    used 168K, capacity 483K, committed 512K, reserved 1048576K
}
Event: 0,460 GC heap after
{Heap after GC invocations=1 (full 0):
 garbage-first heap   total 129024K, used 2224K [0x0000000085000000, 0x0000000100000000)
  region size 1024K, 2 young (2048K), 2 survivors (2048K)
 Metaspace       used 1821K, capacity 5271K, committed 5376K, reserved 1056768K
  class space    used 168K, capacity 483K, committed 512K, reserved 1048576K
}
Event: 1,267 GC heap before
{Heap before GC invocations=1 (full 0):
 garbage-first heap   total 129024K, used 74928K [0x0000000085000000, 0x0000000100000000)
  region size 1024K, 74 young (75776K), 2 survivors (2048K)
 Metaspace       used 8259K, capacity 9515K, committed 9728K, reserved 1058816K
  class space    used 1031K, capacity 1232K, committed 1280K, reserved 1048576K
}
Event: 1,275 GC heap after
{Heap after GC invocations=2 (full 0):
 garbage-first heap   total 129024K, used 4790K [0x0000000085000000, 0x0000000100000000)
  region size 1024K, 4 young (4096K), 4 survivors (4096K)
 Metaspace       used 8259K, capacity 9515K, committed 9728K, reserved 1058816K
  class space    used 1031K, capacity 1232K, committed 1280K, reserved 1048576K
}
Event: 1,534 GC heap before
{Heap before GC invocations=2 (full 0):
 garbage-first heap   total 129024K, used 75446K [0x0000000085000000, 0x0000000100000000)
  region size 1024K, 74 young (75776K), 4 survivors (4096K)
 Metaspace       used 14113K, capacity 14828K, committed 15104K, reserved 1062912K
  class space    used 1739K, capacity 1948K, committed 2048K, reserved 1048576K
}
Event: 1,541 GC heap after
{Heap after GC invocations=3 (full 0):
 garbage-first heap   total 129024K, used 5740K [0x0000000085000000, 0x0000000100000000)
  region size 1024K, 5 young (5120K), 5 survivors (5120K)
 Metaspace       used 14113K, capacity 14828K, committed 15104K, reserved 1062912K
  class space    used 1739K, capacity 1948K, committed 2048K, reserved 1048576K
}
Event: 2,159 GC heap before
{Heap before GC invocations=3 (full 0):
 garbage-first heap   total 129024K, used 75372K [0x0000000085000000, 0x0000000100000000)
  region size 1024K, 74 young (75776K), 5 survivors (5120K)
 Metaspace       used 18019K, capacity 18776K, committed 18944K, reserved 1064960K
  class space    used 2206K, capacity 2486K, committed 2560K, reserved 1048576K
}
Event: 2,172 GC heap after
{Heap after GC invocations=4 (full 0):
 garbage-first heap   total 129024K, used 7721K [0x0000000085000000, 0x0000000100000000)
  region size 1024K, 7 young (7168K), 7 survivors (7168K)
 Metaspace       used 18019K, capacity 18776K, committed 18944K, reserved 1064960K
  class space    used 2206K, capacity 2486K, committed 2560K, reserved 1048576K
}
Event: 2,484 GC heap before
{Heap before GC invocations=4 (full 0):
 garbage-first heap   total 129024K, used 35369K [0x0000000085000000, 0x0000000100000000)
  region size 1024K, 35 young (35840K), 7 survivors (7168K)
 Metaspace       used 20486K, capacity 21234K, committed 21248K, reserved 1067008K
  class space    used 2528K, capacity 2812K, committed 2816K, reserved 1048576K
}
Event: 2,497 GC heap after
{Heap after GC invocations=5 (full 0):
 garbage-first heap   total 165888K, used 8263K [0x0000000085000000, 0x0000000100000000)
  region size 1024K, 6 young (6144K), 6 survivors (6144K)
 Metaspace       used 20486K, capacity 21234K, committed 21248K, reserved 1067008K
  class space    used 2528K, capacity 2812K, committed 2816K, reserved 1048576K
}
Event: 3,676 GC heap before
{Heap before GC invocations=6 (full 0):
 garbage-first heap   total 165888K, used 100423K [0x0000000085000000, 0x0000000100000000)
  region size 1024K, 96 young (98304K), 6 survivors (6144K)
 Metaspace       used 29098K, capacity 30142K, committed 30460K, reserved 1075200K
  class space    used 3642K, capacity 4064K, committed 4096K, reserved 1048576K
}
Event: 3,688 GC heap after
{Heap after GC invocations=7 (full 0):
 garbage-first heap   total 165888K, used 12064K [0x0000000085000000, 0x0000000100000000)
  region size 1024K, 10 young (10240K), 10 survivors (10240K)
 Metaspace       used 29098K, capacity 30142K, committed 30460K, reserved 1075200K
  class space    used 3642K, capacity 4064K, committed 4096K, reserved 1048576K
}
Event: 4,356 GC heap before
{Heap before GC invocations=7 (full 0):
 garbage-first heap   total 165888K, used 69408K [0x0000000085000000, 0x0000000100000000)
  region size 1024K, 67 young (68608K), 10 survivors (10240K)
 Metaspace       used 34557K, capacity 35633K, committed 35964K, reserved 1081344K
  class space    used 4458K, capacity 4870K, committed 4992K, reserved 1048576K
}
Event: 4,379 GC heap after
{Heap after GC invocations=8 (full 0):
 garbage-first heap   total 165888K, used 13308K [0x0000000085000000, 0x0000000100000000)
  region size 1024K, 8 young (8192K), 8 survivors (8192K)
 Metaspace       used 34557K, capacity 35633K, committed 35964K, reserved 1081344K
  class space    used 4458K, capacity 4870K, committed 4992K, reserved 1048576K
}
Event: 5,749 GC heap before
{Heap before GC invocations=9 (full 0):
 garbage-first heap   total 165888K, used 104444K [0x0000000085000000, 0x0000000100000000)
  region size 1024K, 97 young (99328K), 8 survivors (8192K)
 Metaspace       used 43691K, capacity 44914K, committed 45308K, reserved 1089536K
  class space    used 5622K, capacity 6080K, committed 6144K, reserved 1048576K
}
Event: 5,770 GC heap after
{Heap after GC invocations=10 (full 0):
 garbage-first heap   total 165888K, used 17210K [0x0000000085000000, 0x0000000100000000)
  region size 1024K, 10 young (10240K), 10 survivors (10240K)
 Metaspace       used 43691K, capacity 44914K, committed 45308K, reserved 1089536K
  class space    used 5622K, capacity 6080K, committed 6144K, reserved 1048576K
}

