# JRE version: OpenJDK Runtime Environment (11.0.11+9) (build 11.0.11+9-Ubuntu-0ubuntu2.20.04)
# Java VM: OpenJDK 64-Bit Server VM (11.0.11+9-Ubuntu-0ubuntu2.20.04, mixed mode, sharing, tiered, compressed oops, g1 gc, linux-amd64)
Heap:
 garbage-first heap   total 172032K, used 70697K [0x0000000085000000, 0x0000000100000000)
  region size 1024K, 64 young (65536K), 11 survivors (11264K)
 Metaspace       used 48876K, capacity 50262K, committed 50560K, reserved 1093632K
  class space    used 6229K, capacity 6751K, committed 6784K, reserved 1048576K
GC Heap History (16 events):
Event: 0,385 GC heap before
{Heap before GC invocations=0 (full 0):
 garbage-first heap   total 129024K, used 25288K [0x0000000085000000, 0x0000000100000000)
  region size 1024K, 24 young (24576K), 0 survivors (0K)
 Metaspace       used 1827K, capacity 5271K, committed 5376K, reserved 1056768K
  class space    used 168K, capacity 483K, committed 512K, reserved 1048576K
}
Event: 0,399 GC heap after
{Heap after GC invocations=1 (full 0):
 garbage-first heap   total 129024K, used 2228K [0x0000000085000000, 0x0000000100000000)
  region size 1024K, 2 young (2048K), 2 survivors (2048K)
 Metaspace       used 1827K, capacity 5271K, committed 5376K, reserved 1056768K
  class space    used 168K, capacity 483K, committed 512K, reserved 1048576K
}
Event: 1,454 GC heap before
{Heap before GC invocations=1 (full 0):
 garbage-first heap   total 129024K, used 74932K [0x0000000085000000, 0x0000000100000000)
  region size 1024K, 74 young (75776K), 2 survivors (2048K)
 Metaspace       used 8291K, capacity 9580K, committed 9728K, reserved 1058816K
  class space    used 1032K, capacity 1232K, committed 1280K, reserved 1048576K
}
Event: 1,470 GC heap after
{Heap after GC invocations=2 (full 0):
 garbage-first heap   total 129024K, used 4863K [0x0000000085000000, 0x0000000100000000)
  region size 1024K, 5 young (5120K), 5 survivors (5120K)
 Metaspace       used 8291K, capacity 9580K, committed 9728K, reserved 1058816K
  class space    used 1032K, capacity 1232K, committed 1280K, reserved 1048576K
}
Event: 2,014 GC heap before
{Heap before GC invocations=2 (full 0):
 garbage-first heap   total 129024K, used 74495K [0x0000000085000000, 0x0000000100000000)
  region size 1024K, 74 young (75776K), 5 survivors (5120K)
 Metaspace       used 14812K, capacity 15442K, committed 15744K, reserved 1062912K
  class space    used 1807K, capacity 2062K, committed 2176K, reserved 1048576K
}
Event: 2,025 GC heap after
{Heap after GC invocations=3 (full 0):
 garbage-first heap   total 129024K, used 5988K [0x0000000085000000, 0x0000000100000000)
  region size 1024K, 6 young (6144K), 6 survivors (6144K)
 Metaspace       used 14812K, capacity 15442K, committed 15744K, reserved 1062912K
  class space    used 1807K, capacity 2062K, committed 2176K, reserved 1048576K
}
Event: 2,574 GC heap before
{Heap before GC invocations=3 (full 0):
 garbage-first heap   total 129024K, used 75620K [0x0000000085000000, 0x0000000100000000)
  region size 1024K, 74 young (75776K), 6 survivors (6144K)
 Metaspace       used 18618K, capacity 19350K, committed 19584K, reserved 1067008K
  class space    used 2280K, capacity 2590K, committed 2688K, reserved 1048576K
}
Event: 2,583 GC heap after
{Heap after GC invocations=4 (full 0):
 garbage-first heap   total 129024K, used 7742K [0x0000000085000000, 0x0000000100000000)
  region size 1024K, 7 young (7168K), 7 survivors (7168K)
 Metaspace       used 18618K, capacity 19350K, committed 19584K, reserved 1067008K
  class space    used 2280K, capacity 2590K, committed 2688K, reserved 1048576K
}
Event: 2,829 GC heap before
{Heap before GC invocations=4 (full 0):
 garbage-first heap   total 129024K, used 29246K [0x0000000085000000, 0x0000000100000000)
  region size 1024K, 29 young (29696K), 7 survivors (7168K)
 Metaspace       used 20433K, capacity 21171K, committed 21248K, reserved 1067008K
  class space    used 2514K, capacity 2812K, committed 2816K, reserved 1048576K
}
Event: 2,842 GC heap after
{Heap after GC invocations=5 (full 0):
 garbage-first heap   total 172032K, used 8552K [0x0000000085000000, 0x0000000100000000)
  region size 1024K, 4 young (4096K), 4 survivors (4096K)
 Metaspace       used 20433K, capacity 21171K, committed 21248K, reserved 1067008K
  class space    used 2514K, capacity 2812K, committed 2816K, reserved 1048576K
}
Event: 3,790 GC heap before
{Heap before GC invocations=6 (full 0):
 garbage-first heap   total 172032K, used 104808K [0x0000000085000000, 0x0000000100000000)
  region size 1024K, 98 young (100352K), 4 survivors (4096K)
 Metaspace       used 29308K, capacity 30397K, committed 30592K, reserved 1075200K
  class space    used 3684K, capacity 4128K, committed 4224K, reserved 1048576K
}
Event: 3,800 GC heap after
{Heap after GC invocations=7 (full 0):
 garbage-first heap   total 172032K, used 12037K [0x0000000085000000, 0x0000000100000000)
  region size 1024K, 8 young (8192K), 8 survivors (8192K)
 Metaspace       used 29308K, capacity 30397K, committed 30592K, reserved 1075200K
  class space    used 3684K, capacity 4128K, committed 4224K, reserved 1048576K
}
Event: 4,165 GC heap before
{Heap before GC invocations=7 (full 0):
 garbage-first heap   total 172032K, used 65285K [0x0000000085000000, 0x0000000100000000)
  region size 1024K, 61 young (62464K), 8 survivors (8192K)
 Metaspace       used 34451K, capacity 35504K, committed 35840K, reserved 1081344K
  class space    used 4444K, capacity 4870K, committed 4992K, reserved 1048576K
}
Event: 4,177 GC heap after
{Heap after GC invocations=8 (full 0):
 garbage-first heap   total 172032K, used 13622K [0x0000000085000000, 0x0000000100000000)
  region size 1024K, 8 young (8192K), 8 survivors (8192K)
 Metaspace       used 34451K, capacity 35504K, committed 35840K, reserved 1081344K
  class space    used 4444K, capacity 4870K, committed 4992K, reserved 1048576K
}
Event: 5,491 GC heap before
{Heap before GC invocations=9 (full 0):
 garbage-first heap   total 172032K, used 107830K [0x0000000085000000, 0x0000000100000000)
  region size 1024K, 100 young (102400K), 8 survivors (8192K)
 Metaspace       used 43871K, capacity 45086K, committed 45312K, reserved 1089536K
  class space    used 5638K, capacity 6116K, committed 6144K, reserved 1048576K
}
Event: 5,518 GC heap after
{Heap after GC invocations=10 (full 0):
 garbage-first heap   total 172032K, used 17449K [0x0000000085000000, 0x0000000100000000)
  region size 1024K, 11 young (11264K), 11 survivors (11264K)
 Metaspace       used 43871K, capacity 45086K, committed 45312K, reserved 1089536K
  class space    used 5638K, capacity 6116K, committed 6144K, reserved 1048576K
}

