# JRE version: OpenJDK Runtime Environment (11.0.11+9) (build 11.0.11+9-Ubuntu-0ubuntu2.20.04)
# Java VM: OpenJDK 64-Bit Server VM (11.0.11+9-Ubuntu-0ubuntu2.20.04, mixed mode, sharing, tiered, compressed oops, g1 gc, linux-amd64)
Heap:
 garbage-first heap   total 179200K, used 24751K [0x0000000085000000, 0x0000000100000000)
  region size 1024K, 19 young (19456K), 11 survivors (11264K)
 Metaspace       used 44730K, capacity 45998K, committed 46332K, reserved 1089536K
  class space    used 5758K, capacity 6270K, committed 6396K, reserved 1048576K
GC Heap History (16 events):
Event: 0,386 GC heap before
{Heap before GC invocations=0 (full 0):
 garbage-first heap   total 129024K, used 25288K [0x0000000085000000, 0x0000000100000000)
  region size 1024K, 24 young (24576K), 0 survivors (0K)
 Metaspace       used 1814K, capacity 5271K, committed 5376K, reserved 1056768K
  class space    used 168K, capacity 483K, committed 512K, reserved 1048576K
}
Event: 0,399 GC heap after
{Heap after GC invocations=1 (full 0):
 garbage-first heap   total 129024K, used 2232K [0x0000000085000000, 0x0000000100000000)
  region size 1024K, 2 young (2048K), 2 survivors (2048K)
 Metaspace       used 1814K, capacity 5271K, committed 5376K, reserved 1056768K
  class space    used 168K, capacity 483K, committed 512K, reserved 1048576K
}
Event: 1,586 GC heap before
{Heap before GC invocations=1 (full 0):
 garbage-first heap   total 129024K, used 74936K [0x0000000085000000, 0x0000000100000000)
  region size 1024K, 74 young (75776K), 2 survivors (2048K)
 Metaspace       used 8308K, capacity 9580K, committed 9728K, reserved 1058816K
  class space    used 1032K, capacity 1232K, committed 1280K, reserved 1048576K
}
Event: 1,600 GC heap after
{Heap after GC invocations=2 (full 0):
 garbage-first heap   total 129024K, used 4800K [0x0000000085000000, 0x0000000100000000)
  region size 1024K, 4 young (4096K), 4 survivors (4096K)
 Metaspace       used 8308K, capacity 9580K, committed 9728K, reserved 1058816K
  class space    used 1032K, capacity 1232K, committed 1280K, reserved 1048576K
}
Event: 2,074 GC heap before
{Heap before GC invocations=2 (full 0):
 garbage-first heap   total 129024K, used 75456K [0x0000000085000000, 0x0000000100000000)
  region size 1024K, 74 young (75776K), 4 survivors (4096K)
 Metaspace       used 14308K, capacity 14955K, committed 15104K, reserved 1062912K
  class space    used 1746K, capacity 1982K, committed 2048K, reserved 1048576K
}
Event: 2,089 GC heap after
{Heap after GC invocations=3 (full 0):
 garbage-first heap   total 129024K, used 5806K [0x0000000085000000, 0x0000000100000000)
  region size 1024K, 5 young (5120K), 5 survivors (5120K)
 Metaspace       used 14308K, capacity 14955K, committed 15104K, reserved 1062912K
  class space    used 1746K, capacity 1982K, committed 2048K, reserved 1048576K
}
Event: 3,042 GC heap before
{Heap before GC invocations=3 (full 0):
 garbage-first heap   total 129024K, used 75438K [0x0000000085000000, 0x0000000100000000)
  region size 1024K, 74 young (75776K), 5 survivors (5120K)
 Metaspace       used 17488K, capacity 18177K, committed 18304K, reserved 1064960K
  class space    used 2130K, capacity 2396K, committed 2432K, reserved 1048576K
}
Event: 3,062 GC heap after
{Heap after GC invocations=4 (full 0):
 garbage-first heap   total 129024K, used 7732K [0x0000000085000000, 0x0000000100000000)
  region size 1024K, 7 young (7168K), 7 survivors (7168K)
 Metaspace       used 17488K, capacity 18177K, committed 18304K, reserved 1064960K
  class space    used 2130K, capacity 2396K, committed 2432K, reserved 1048576K
}
Event: 3,903 GC heap before
{Heap before GC invocations=4 (full 0):
 garbage-first heap   total 129024K, used 42548K [0x0000000085000000, 0x0000000100000000)
  region size 1024K, 42 young (43008K), 7 survivors (7168K)
 Metaspace       used 20542K, capacity 21237K, committed 21248K, reserved 1067008K
  class space    used 2524K, capacity 2812K, committed 2816K, reserved 1048576K
}
Event: 3,937 GC heap after
{Heap after GC invocations=5 (full 0):
 garbage-first heap   total 179200K, used 8515K [0x0000000085000000, 0x0000000100000000)
  region size 1024K, 4 young (4096K), 4 survivors (4096K)
 Metaspace       used 20542K, capacity 21237K, committed 21248K, reserved 1067008K
  class space    used 2524K, capacity 2812K, committed 2816K, reserved 1048576K
}
Event: 6,161 GC heap before
{Heap before GC invocations=6 (full 0):
 garbage-first heap   total 179200K, used 103747K [0x0000000085000000, 0x0000000100000000)
  region size 1024K, 97 young (99328K), 4 survivors (4096K)
 Metaspace       used 29390K, capacity 30464K, committed 30844K, reserved 1075200K
  class space    used 3693K, capacity 4128K, committed 4220K, reserved 1048576K
}
Event: 6,192 GC heap after
{Heap after GC invocations=7 (full 0):
 garbage-first heap   total 179200K, used 12107K [0x0000000085000000, 0x0000000100000000)
  region size 1024K, 8 young (8192K), 8 survivors (8192K)
 Metaspace       used 29390K, capacity 30464K, committed 30844K, reserved 1075200K
  class space    used 3693K, capacity 4128K, committed 4220K, reserved 1048576K
}
Event: 7,386 GC heap before
{Heap before GC invocations=7 (full 0):
 garbage-first heap   total 179200K, used 65355K [0x0000000085000000, 0x0000000100000000)
  region size 1024K, 61 young (62464K), 8 survivors (8192K)
 Metaspace       used 34575K, capacity 35635K, committed 35964K, reserved 1081344K
  class space    used 4457K, capacity 4870K, committed 4988K, reserved 1048576K
}
Event: 7,411 GC heap after
{Heap after GC invocations=8 (full 0):
 garbage-first heap   total 179200K, used 13378K [0x0000000085000000, 0x0000000100000000)
  region size 1024K, 8 young (8192K), 8 survivors (8192K)
 Metaspace       used 34575K, capacity 35635K, committed 35964K, reserved 1081344K
  class space    used 4457K, capacity 4870K, committed 4988K, reserved 1048576K
}
Event: 9,341 GC heap before
{Heap before GC invocations=9 (full 0):
 garbage-first heap   total 179200K, used 112706K [0x0000000085000000, 0x0000000100000000)
  region size 1024K, 105 young (107520K), 8 survivors (8192K)
 Metaspace       used 44170K, capacity 45387K, committed 45948K, reserved 1089536K
  class space    used 5674K, capacity 6151K, committed 6268K, reserved 1048576K
}
Event: 9,383 GC heap after
{Heap after GC invocations=10 (full 0):
 garbage-first heap   total 179200K, used 17583K [0x0000000085000000, 0x0000000100000000)
  region size 1024K, 11 young (11264K), 11 survivors (11264K)
 Metaspace       used 44170K, capacity 45387K, committed 45948K, reserved 1089536K
  class space    used 5674K, capacity 6151K, committed 6268K, reserved 1048576K
}

