# JRE version: OpenJDK Runtime Environment (11.0.11+9) (build 11.0.11+9-Ubuntu-0ubuntu2.20.04)
# Java VM: OpenJDK 64-Bit Server VM (11.0.11+9-Ubuntu-0ubuntu2.20.04, mixed mode, sharing, tiered, compressed oops, g1 gc, linux-amd64)
Heap:
 garbage-first heap   total 187392K, used 106948K [0x0000000085000000, 0x0000000100000000)
  region size 1024K, 101 young (103424K), 9 survivors (9216K)
 Metaspace       used 43807K, capacity 45082K, committed 45568K, reserved 1089536K
  class space    used 5635K, capacity 6116K, committed 6144K, reserved 1048576K
GC Heap History (14 events):
Event: 0,259 GC heap before
{Heap before GC invocations=0 (full 0):
 garbage-first heap   total 129024K, used 25288K [0x0000000085000000, 0x0000000100000000)
  region size 1024K, 24 young (24576K), 0 survivors (0K)
 Metaspace       used 1834K, capacity 5271K, committed 5376K, reserved 1056768K
  class space    used 168K, capacity 483K, committed 512K, reserved 1048576K
}
Event: 0,267 GC heap after
{Heap after GC invocations=1 (full 0):
 garbage-first heap   total 129024K, used 2227K [0x0000000085000000, 0x0000000100000000)
  region size 1024K, 2 young (2048K), 2 survivors (2048K)
 Metaspace       used 1834K, capacity 5271K, committed 5376K, reserved 1056768K
  class space    used 168K, capacity 483K, committed 512K, reserved 1048576K
}
Event: 0,796 GC heap before
{Heap before GC invocations=1 (full 0):
 garbage-first heap   total 129024K, used 74931K [0x0000000085000000, 0x0000000100000000)
  region size 1024K, 74 young (75776K), 2 survivors (2048K)
 Metaspace       used 8284K, capacity 9515K, committed 9728K, reserved 1058816K
  class space    used 1031K, capacity 1232K, committed 1280K, reserved 1048576K
}
Event: 0,804 GC heap after
{Heap after GC invocations=2 (full 0):
 garbage-first heap   total 129024K, used 4756K [0x0000000085000000, 0x0000000100000000)
  region size 1024K, 4 young (4096K), 4 survivors (4096K)
 Metaspace       used 8284K, capacity 9515K, committed 9728K, reserved 1058816K
  class space    used 1031K, capacity 1232K, committed 1280K, reserved 1048576K
}
Event: 1,047 GC heap before
{Heap before GC invocations=2 (full 0):
 garbage-first heap   total 129024K, used 75412K [0x0000000085000000, 0x0000000100000000)
  region size 1024K, 74 young (75776K), 4 survivors (4096K)
 Metaspace       used 14285K, capacity 14833K, committed 15104K, reserved 1062912K
  class space    used 1745K, capacity 1984K, committed 2048K, reserved 1048576K
}
Event: 1,055 GC heap after
{Heap after GC invocations=3 (full 0):
 garbage-first heap   total 129024K, used 5986K [0x0000000085000000, 0x0000000100000000)
  region size 1024K, 6 young (6144K), 6 survivors (6144K)
 Metaspace       used 14285K, capacity 14833K, committed 15104K, reserved 1062912K
  class space    used 1745K, capacity 1984K, committed 2048K, reserved 1048576K
}
Event: 1,450 GC heap before
{Heap before GC invocations=3 (full 0):
 garbage-first heap   total 129024K, used 74594K [0x0000000085000000, 0x0000000100000000)
  region size 1024K, 74 young (75776K), 6 survivors (6144K)
 Metaspace       used 17401K, capacity 18045K, committed 18304K, reserved 1064960K
  class space    used 2129K, capacity 2396K, committed 2432K, reserved 1048576K
}
Event: 1,468 GC heap after
{Heap after GC invocations=4 (full 0):
 garbage-first heap   total 129024K, used 7443K [0x0000000085000000, 0x0000000100000000)
  region size 1024K, 7 young (7168K), 7 survivors (7168K)
 Metaspace       used 17401K, capacity 18045K, committed 18304K, reserved 1064960K
  class space    used 2129K, capacity 2396K, committed 2432K, reserved 1048576K
}
Event: 2,032 GC heap before
{Heap before GC invocations=4 (full 0):
 garbage-first heap   total 129024K, used 45331K [0x0000000085000000, 0x0000000100000000)
  region size 1024K, 45 young (46080K), 7 survivors (7168K)
 Metaspace       used 20453K, capacity 21167K, committed 21248K, reserved 1067008K
  class space    used 2519K, capacity 2812K, committed 2816K, reserved 1048576K
}
Event: 2,059 GC heap after
{Heap after GC invocations=5 (full 0):
 garbage-first heap   total 187392K, used 8658K [0x0000000085000000, 0x0000000100000000)
  region size 1024K, 7 young (7168K), 7 survivors (7168K)
 Metaspace       used 20453K, capacity 21167K, committed 21248K, reserved 1067008K
  class space    used 2519K, capacity 2812K, committed 2816K, reserved 1048576K
}
Event: 3,547 GC heap before
{Heap before GC invocations=6 (full 0):
 garbage-first heap   total 187392K, used 109010K [0x0000000085000000, 0x0000000100000000)
  region size 1024K, 105 young (107520K), 7 survivors (7168K)
 Metaspace       used 29704K, capacity 30780K, committed 31104K, reserved 1077248K
  class space    used 3750K, capacity 4193K, committed 4224K, reserved 1048576K
}
Event: 3,559 GC heap after
{Heap after GC invocations=7 (full 0):
 garbage-first heap   total 187392K, used 12096K [0x0000000085000000, 0x0000000100000000)
  region size 1024K, 10 young (10240K), 10 survivors (10240K)
 Metaspace       used 29704K, capacity 30780K, committed 31104K, reserved 1077248K
  class space    used 3750K, capacity 4193K, committed 4224K, reserved 1048576K
}
Event: 4,109 GC heap before
{Heap before GC invocations=7 (full 0):
 garbage-first heap   total 187392K, used 61248K [0x0000000085000000, 0x0000000100000000)
  region size 1024K, 59 young (60416K), 10 survivors (10240K)
 Metaspace       used 34446K, capacity 35501K, committed 35840K, reserved 1081344K
  class space    used 4449K, capacity 4870K, committed 4992K, reserved 1048576K
}
Event: 4,131 GC heap after
{Heap after GC invocations=8 (full 0):
 garbage-first heap   total 187392K, used 13764K [0x0000000085000000, 0x0000000100000000)
  region size 1024K, 9 young (9216K), 9 survivors (9216K)
 Metaspace       used 34446K, capacity 35501K, committed 35840K, reserved 1081344K
  class space    used 4449K, capacity 4870K, committed 4992K, reserved 1048576K
}

